
CondaError: Run 'conda init' before 'conda activate'

Mon Aug 25 14:20:43 2025       
+-----------------------------------------------------------------------------------------+
| NVIDIA-SMI 550.54.14              Driver Version: 550.54.14      CUDA Version: 12.4     |
|-----------------------------------------+------------------------+----------------------+
| GPU  Name                 Persistence-M | Bus-Id          Disp.A | Volatile Uncorr. ECC |
| Fan  Temp   Perf          Pwr:Usage/Cap |           Memory-Usage | GPU-Util  Compute M. |
|                                         |                        |               MIG M. |
|=========================================+========================+======================|
|   0  NVIDIA A100 80GB PCIe          Off |   00000000:4F:00.0 Off |                    0 |
| N/A   48C    P0            270W /  300W |   66761MiB /  81920MiB |     69%      Default |
|                                         |                        |             Disabled |
+-----------------------------------------+------------------------+----------------------+
|   1  NVIDIA A100 80GB PCIe          Off |   00000000:52:00.0 Off |                    0 |
| N/A   26C    P0             43W /  300W |       0MiB /  81920MiB |      0%      Default |
|                                         |                        |             Disabled |
+-----------------------------------------+------------------------+----------------------+
|   2  NVIDIA A100 80GB PCIe          Off |   00000000:56:00.0 Off |                    0 |
| N/A   26C    P0             63W /  300W |   43627MiB /  81920MiB |      0%      Default |
|                                         |                        |             Disabled |
+-----------------------------------------+------------------------+----------------------+
|   3  NVIDIA A100 80GB PCIe          Off |   00000000:57:00.0 Off |                    0 |
| N/A   26C    P0             43W /  300W |       0MiB /  81920MiB |      0%      Default |
|                                         |                        |             Disabled |
+-----------------------------------------+------------------------+----------------------+
|   4  NVIDIA A100 80GB PCIe          Off |   00000000:D5:00.0 Off |                    0 |
| N/A   27C    P0             42W /  300W |       0MiB /  81920MiB |      0%      Default |
|                                         |                        |             Disabled |
+-----------------------------------------+------------------------+----------------------+
                                                                                         
+-----------------------------------------------------------------------------------------+
| Processes:                                                                              |
|  GPU   GI   CI        PID   Type   Process name                              GPU Memory |
|        ID   ID                                                               Usage      |
|=========================================================================================|
|    0   N/A  N/A   2223691      C   python                                      66752MiB |
|    2   N/A  N/A   2258570      C   /home/shenhui/miniconda3/bin/python         43618MiB |
+-----------------------------------------------------------------------------------------+
bash: suite_conformal.sh: No such file or directory
